<?xml version="1.0" ?>
<coverage version="7.6.10" timestamp="1716600000000" lines-valid="200" lines-covered="80" line-rate="0.4" branches-covered="0" branches-valid="0" branch-rate="0" complexity="0">
  <packages>
    <package name="viewer" line-rate="0.6" branch-rate="0" complexity="0">
      <classes>
        <class name="app.py" filename="viewer/app.py" line-rate="0.8" branch-rate="0" complexity="0">
          <lines><line number="1" hits="1"/></lines>
        </class>
        <class name="routes.py" filename="viewer/routes.py" line-rate="0.4" branch-rate="0" complexity="0">
          <lines><line number="1" hits="1"/></lines>
        </class>
      </classes>
    </package>
  </packages>
</coverage>
